<?xml version="1.0" encoding="UTF-8"?>
<!-- Generated by org.testng.reporters.JUnitReportReporter -->
<testsuite skipped="0" hostname="work-pc" name="ru.infsol.tests.Tests" tests="1" failures="0" timestamp="06 июл 2017 12:03:02 GMT" time="9.297" errors="0">
  <testcase name="grzTest" time="9.297" classname="ru.infsol.tests.Tests"/>
</testsuite> <!-- ru.infsol.tests.Tests -->
