<?xml version="1.0" encoding="UTF-8"?>
<!-- Generated by org.testng.reporters.JUnitReportReporter -->
<testsuite skipped="0" hostname="work-pc" name="ru.infsol.tests.Tests" tests="1" failures="0" timestamp="05 июл 2017 13:59:16 GMT" time="6.574" errors="0">
  <testcase name="grzTest" time="6.574" classname="ru.infsol.tests.Tests"/>
</testsuite> <!-- ru.infsol.tests.Tests -->
