<?xml version="1.0" encoding="UTF-8"?>
<!-- Generated by org.testng.reporters.JUnitReportReporter -->
<testsuite skipped="0" hostname="work-pc" name="ru.infsol.tests.Tests" tests="2" failures="0" timestamp="05 июл 2017 11:10:07 GMT" time="17.793" errors="0">
  <testcase name="grzTest" time="5.754" classname="ru.infsol.tests.Tests"/>
  <testcase name="adminWorkWithUser" time="12.039" classname="ru.infsol.tests.Tests"/>
</testsuite> <!-- ru.infsol.tests.Tests -->
